0 info it worked if it ends with ok
1 verbose cli [ '/usr/local/bin/node', '/usr/local/bin/npm', 'publish', '.' ]
2 info using npm@3.10.3
3 info using node@v6.6.0
4 verbose publish [ '.' ]
5 silly cache add args [ '.', null ]
6 verbose cache add spec .
7 silly cache add parsed spec Result {
7 silly cache add   raw: '.',
7 silly cache add   scope: null,
7 silly cache add   escapedName: null,
7 silly cache add   name: null,
7 silly cache add   rawSpec: '.',
7 silly cache add   spec: '/Users/guy/Bitbucket/laravel/laravel-elixir-webpack-modernizr',
7 silly cache add   type: 'directory' }
8 verbose addLocalDirectory /Users/guy/.npm/laravel-elixir-webpack-modernizr-loader/0.1.1/package.tgz not in flight; packing
9 verbose correctMkdir /Users/guy/.npm correctMkdir not in flight; initializing
10 info lifecycle laravel-elixir-webpack-modernizr-loader@0.1.1~prepublish: laravel-elixir-webpack-modernizr-loader@0.1.1
11 silly lifecycle laravel-elixir-webpack-modernizr-loader@0.1.1~prepublish: no script for prepublish, continuing
12 verbose tar pack [ '/Users/guy/.npm/laravel-elixir-webpack-modernizr-loader/0.1.1/package.tgz',
12 verbose tar pack   '/Users/guy/Bitbucket/laravel/laravel-elixir-webpack-modernizr' ]
13 verbose tarball /Users/guy/.npm/laravel-elixir-webpack-modernizr-loader/0.1.1/package.tgz
14 verbose folder /Users/guy/Bitbucket/laravel/laravel-elixir-webpack-modernizr
15 verbose addLocalTarball adding from inside cache /Users/guy/.npm/laravel-elixir-webpack-modernizr-loader/0.1.1/package.tgz
16 verbose correctMkdir /Users/guy/.npm correctMkdir not in flight; initializing
17 silly cache afterAdd laravel-elixir-webpack-modernizr-loader@0.1.1
18 verbose afterAdd /Users/guy/.npm/laravel-elixir-webpack-modernizr-loader/0.1.1/package/package.json not in flight; writing
19 verbose correctMkdir /Users/guy/.npm correctMkdir not in flight; initializing
20 verbose afterAdd /Users/guy/.npm/laravel-elixir-webpack-modernizr-loader/0.1.1/package/package.json written
21 silly publish { name: 'laravel-elixir-webpack-modernizr-loader',
21 silly publish   version: '0.1.1',
21 silly publish   description: 'Laravel Elixir Webpack Modernizr Loader',
21 silly publish   main: 'index.js',
21 silly publish   repository:
21 silly publish    { type: 'git',
21 silly publish      url: 'git+https://github.com/the-big-surf/laravel-elixir-webpack-modernizr.git' },
21 silly publish   keywords: [ 'modernizr', 'webpack', 'laravel' ],
21 silly publish   author: { name: 'Guy Campbell' },
21 silly publish   license: 'MIT',
21 silly publish   bugs: { url: 'https://github.com/the-big-surf/laravel-elixir-webpack-modernizr/issues' },
21 silly publish   homepage: 'https://github.com/the-big-surf/laravel-elixir-webpack-modernizr#readme',
21 silly publish   dependencies:
21 silly publish    { modernizr: '^3.3.1',
21 silly publish      'modernizr-loader': '^0.0.5',
21 silly publish      'file-exists': '^2.0.0' },
21 silly publish   scripts: { test: 'echo "Error: no test specified" && exit 1' },
21 silly publish   readme: '# laravel-elixir-webpack-modernizr\nLaravel Elixir Webpack Modernizr\n',
21 silly publish   readmeFilename: 'README.md',
21 silly publish   gitHead: 'f65c99f17f9d0fc54f74122bc7938fe65441a672',
21 silly publish   _id: 'laravel-elixir-webpack-modernizr-loader@0.1.1',
21 silly publish   _shasum: '9c294b4cdab6cddacf132c9d709cc7cf6a0a6dc4',
21 silly publish   _from: '.' }
22 verbose getPublishConfig undefined
23 silly mapToRegistry name laravel-elixir-webpack-modernizr-loader
24 silly mapToRegistry using default registry
25 silly mapToRegistry registry https://registry.npmjs.org/
26 silly mapToRegistry data Result {
26 silly mapToRegistry   raw: 'laravel-elixir-webpack-modernizr-loader',
26 silly mapToRegistry   scope: null,
26 silly mapToRegistry   escapedName: 'laravel-elixir-webpack-modernizr-loader',
26 silly mapToRegistry   name: 'laravel-elixir-webpack-modernizr-loader',
26 silly mapToRegistry   rawSpec: '',
26 silly mapToRegistry   spec: 'latest',
26 silly mapToRegistry   type: 'tag' }
27 silly mapToRegistry uri https://registry.npmjs.org/laravel-elixir-webpack-modernizr-loader
28 verbose publish registryBase https://registry.npmjs.org/
29 silly publish uploading /Users/guy/.npm/laravel-elixir-webpack-modernizr-loader/0.1.1/package.tgz
30 verbose request uri https://registry.npmjs.org/laravel-elixir-webpack-modernizr-loader
31 verbose request sending authorization for write operation
32 info attempt registry request try #1 at 4:32:36 PM
33 verbose request using bearer token for auth
34 verbose request id b4b89773385cb831
35 http request PUT https://registry.npmjs.org/laravel-elixir-webpack-modernizr-loader
36 http 403 https://registry.npmjs.org/laravel-elixir-webpack-modernizr-loader
37 verbose headers { 'content-type': 'application/json',
37 verbose headers   'cache-control': 'max-age=300',
37 verbose headers   'content-length': '95',
37 verbose headers   'accept-ranges': 'bytes',
37 verbose headers   date: 'Wed, 12 Oct 2016 15:32:37 GMT',
37 verbose headers   via: '1.1 varnish',
37 verbose headers   connection: 'keep-alive',
37 verbose headers   'x-served-by': 'cache-lhr6347-LHR',
37 verbose headers   'x-cache': 'MISS',
37 verbose headers   'x-cache-hits': '0',
37 verbose headers   'x-timer': 'S1476286356.279167,VS0,VE857',
37 verbose headers   vary: 'Accept-Encoding' }
38 verbose request invalidating /Users/guy/.npm/registry.npmjs.org/laravel-elixir-webpack-modernizr-loader on PUT
39 error publish Failed PUT 403
40 verbose stack Error: "You cannot publish over the previously published version 0.1.1." : laravel-elixir-webpack-modernizr-loader
40 verbose stack     at makeError (/usr/local/lib/node_modules/npm/node_modules/npm-registry-client/lib/request.js:264:12)
40 verbose stack     at CachingRegistryClient.<anonymous> (/usr/local/lib/node_modules/npm/node_modules/npm-registry-client/lib/request.js:252:14)
40 verbose stack     at Request._callback (/usr/local/lib/node_modules/npm/node_modules/npm-registry-client/lib/request.js:172:14)
40 verbose stack     at Request.self.callback (/usr/local/lib/node_modules/npm/node_modules/request/request.js:200:22)
40 verbose stack     at emitTwo (events.js:106:13)
40 verbose stack     at Request.emit (events.js:191:7)
40 verbose stack     at Request.<anonymous> (/usr/local/lib/node_modules/npm/node_modules/request/request.js:1067:10)
40 verbose stack     at emitOne (events.js:101:20)
40 verbose stack     at Request.emit (events.js:188:7)
40 verbose stack     at IncomingMessage.<anonymous> (/usr/local/lib/node_modules/npm/node_modules/request/request.js:988:12)
41 verbose statusCode 403
42 verbose pkgid laravel-elixir-webpack-modernizr-loader
43 verbose cwd /Users/guy/Bitbucket/laravel/laravel-elixir-webpack-modernizr
44 error Darwin 16.0.0
45 error argv "/usr/local/bin/node" "/usr/local/bin/npm" "publish" "."
46 error node v6.6.0
47 error npm  v3.10.3
48 error code E403
49 error "You cannot publish over the previously published version 0.1.1." : laravel-elixir-webpack-modernizr-loader
50 error If you need help, you may report this error at:
50 error     <https://github.com/npm/npm/issues>
51 verbose exit [ 1, true ]
